STL로 Solid Edge 변환
날짜: 금요일,5월 14,2021 04:19오후
원본 파일:G:\1.업무폴더\2021년도업무\2지퓨텍\솔리드엣지_모터파트\단상모터지퓨텍.par
원본 시스템: SOLID EDGE

하드웨어:
프로세서: Intel(R) Core(TM) i7-7820X CPU @ 3.60GHz
운영 체제: Windows 10 Professional
설치된 메모리: 15.70 GB

소프트웨어 정보:
Parasolid 버전: 32.0.186
PSBodyshop 버전: 31.1.110
Solid Edge 버전: 220.00.05.005 x64

STL 내보내기 옵션:
출력 파일 형식:BINARY
표시된 파트 내보내기: 꺼짐
structureOption: Monolithic
단위 내보내기: Inch
공차 값 내보내기:0.050000
공차 유형 내보내기 : Custom
곡면 평면 각도 값 내보내기:0.523599

변환 진행률:
1/2 단계 Parasolid 정보 가져오는 중...
2/2단계 Parasolid를 외부 데이터 유형으로 변환하는 중...
생성된 STL 파일 수: 1
변환 작업을 완료했습니다.
변환에 필요한 시간:00 : 00 : 01
